<?xml version="1.0" encoding="UTF-8"?>
<testng-results skipped="0" failed="1" ignored="0" total="1" passed="0">
  <reporter-output>
  </reporter-output>
  <suite name="Suite" duration-ms="176620" started-at="2020-09-13T19:11:24Z" finished-at="2020-09-13T19:14:21Z">
    <groups>
    </groups>
    <test name="AllTests" duration-ms="176620" started-at="2020-09-13T19:11:24Z" finished-at="2020-09-13T19:14:21Z">
      <class name="com.testCases.CalculateEquationResultTestCase">
        <test-method status="PASS" signature="beforeMethod()[pri:0, instance:com.testCases.CalculateEquationResultTestCase@1bec3bb]" name="beforeMethod" is-config="true" duration-ms="176600" started-at="2020-09-14T00:41:24Z" finished-at="2020-09-14T00:44:21Z">
          <reporter-output>
          </reporter-output>
        </test-method> <!-- beforeMethod -->
        <test-method status="FAIL" signature="testCalculateResultOfEquation()[pri:0, instance:com.testCases.CalculateEquationResultTestCase@1bec3bb]" name="testCalculateResultOfEquation" duration-ms="3" started-at="2020-09-14T00:44:21Z" finished-at="2020-09-14T00:44:21Z">
          <exception class="java.lang.RuntimeException">
            <message>
              <![CDATA[AndroidDriver instance is NULL]]>
            </message>
            <full-stacktrace>
              <![CDATA[java.lang.RuntimeException: AndroidDriver instance is NULL
	at com.pageObjects.PageObject.<init>(PageObject.java:20)
	at com.pageObjects.CalculatorPage.<init>(CalculatorPage.java:39)
	at com.testCases.CalculateEquationResultTestCase.testCalculateResultOfEquation(CalculateEquationResultTestCase.java:86)
	at sun.reflect.NativeMethodAccessorImpl.invoke0(Native Method)
	at sun.reflect.NativeMethodAccessorImpl.invoke(NativeMethodAccessorImpl.java:62)
	at sun.reflect.DelegatingMethodAccessorImpl.invoke(DelegatingMethodAccessorImpl.java:43)
	at java.lang.reflect.Method.invoke(Method.java:498)
	at org.testng.internal.MethodInvocationHelper.invokeMethod(MethodInvocationHelper.java:108)
	at org.testng.internal.Invoker.invokeMethod(Invoker.java:661)
	at org.testng.internal.Invoker.invokeTestMethod(Invoker.java:869)
	at org.testng.internal.Invoker.invokeTestMethods(Invoker.java:1193)
	at org.testng.internal.TestMethodWorker.invokeTestMethods(TestMethodWorker.java:126)
	at org.testng.internal.TestMethodWorker.run(TestMethodWorker.java:109)
	at org.testng.TestRunner.privateRun(TestRunner.java:744)
	at org.testng.TestRunner.run(TestRunner.java:602)
	at org.testng.SuiteRunner.runTest(SuiteRunner.java:380)
	at org.testng.SuiteRunner.runSequentially(SuiteRunner.java:375)
	at org.testng.SuiteRunner.privateRun(SuiteRunner.java:340)
	at org.testng.SuiteRunner.run(SuiteRunner.java:289)
	at org.testng.SuiteRunnerWorker.runSuite(SuiteRunnerWorker.java:52)
	at org.testng.SuiteRunnerWorker.run(SuiteRunnerWorker.java:86)
	at org.testng.TestNG.runSuitesSequentially(TestNG.java:1301)
	at org.testng.TestNG.runSuitesLocally(TestNG.java:1226)
	at org.testng.TestNG.runSuites(TestNG.java:1144)
	at org.testng.TestNG.run(TestNG.java:1115)
	at com.launcher.Launcher.executeProgram(Launcher.java:71)
	at com.launcher.Launcher.start(Launcher.java:38)
	at com.sun.javafx.application.LauncherImpl.lambda$launchApplication1$8(LauncherImpl.java:863)
	at com.sun.javafx.application.PlatformImpl.lambda$runAndWait$7(PlatformImpl.java:326)
	at com.sun.javafx.application.PlatformImpl.lambda$null$5(PlatformImpl.java:295)
	at java.security.AccessController.doPrivileged(Native Method)
	at com.sun.javafx.application.PlatformImpl.lambda$runLater$6(PlatformImpl.java:294)
	at com.sun.glass.ui.InvokeLaterDispatcher$Future.run$$$capture(InvokeLaterDispatcher.java:95)
	at com.sun.glass.ui.InvokeLaterDispatcher$Future.run(InvokeLaterDispatcher.java)
	at com.sun.glass.ui.win.WinApplication._runLoop(Native Method)
	at com.sun.glass.ui.win.WinApplication.lambda$null$4(WinApplication.java:186)
	at java.lang.Thread.run(Thread.java:748)
]]>
            </full-stacktrace>
          </exception> <!-- java.lang.RuntimeException -->
          <reporter-output>
          </reporter-output>
        </test-method> <!-- testCalculateResultOfEquation -->
        <test-method status="PASS" signature="afterMethod()[pri:0, instance:com.testCases.CalculateEquationResultTestCase@1bec3bb]" name="afterMethod" is-config="true" duration-ms="0" started-at="2020-09-14T00:44:21Z" finished-at="2020-09-14T00:44:21Z">
          <reporter-output>
          </reporter-output>
        </test-method> <!-- afterMethod -->
      </class> <!-- com.testCases.CalculateEquationResultTestCase -->
    </test> <!-- AllTests -->
  </suite> <!-- Suite -->
</testng-results>
